c:\users\julia\documents\visual studio 2015\projects\mpi_3_4\mpi_3_4parallel\debug\vc140.pdb
c:\users\julia\documents\visual studio 2015\projects\mpi_3_4\mpi_3_4parallel\debug\vc140.idb
c:\users\julia\documents\visual studio 2015\projects\mpi_3_4\mpi_3_4parallel\debug\main.obj
c:\users\julia\documents\visual studio 2015\projects\mpi_3_4\mpi_3_4parallel\debug\source.obj
c:\users\julia\documents\visual studio 2015\projects\mpi_3_4\debug\mpi_3_4parallel.pdb
c:\users\julia\documents\visual studio 2015\projects\mpi_3_4\mpi_3_4parallel\debug\mpi_3_4parallel.tlog\cl.command.1.tlog
c:\users\julia\documents\visual studio 2015\projects\mpi_3_4\mpi_3_4parallel\debug\mpi_3_4parallel.tlog\cl.read.1.tlog
c:\users\julia\documents\visual studio 2015\projects\mpi_3_4\mpi_3_4parallel\debug\mpi_3_4parallel.tlog\cl.write.1.tlog
c:\users\julia\documents\visual studio 2015\projects\mpi_3_4\mpi_3_4parallel\debug\mpi_3_4parallel.tlog\link.10224.read.1.tlog
c:\users\julia\documents\visual studio 2015\projects\mpi_3_4\mpi_3_4parallel\debug\mpi_3_4parallel.tlog\link.10224.write.1.tlog
c:\users\julia\documents\visual studio 2015\projects\mpi_3_4\mpi_3_4parallel\debug\mpi_3_4parallel.tlog\link.4756.read.1.tlog
c:\users\julia\documents\visual studio 2015\projects\mpi_3_4\mpi_3_4parallel\debug\mpi_3_4parallel.tlog\link.4756.write.1.tlog
c:\users\julia\documents\visual studio 2015\projects\mpi_3_4\mpi_3_4parallel\debug\mpi_3_4parallel.tlog\link.72.read.1.tlog
c:\users\julia\documents\visual studio 2015\projects\mpi_3_4\mpi_3_4parallel\debug\mpi_3_4parallel.tlog\link.72.write.1.tlog
c:\users\julia\documents\visual studio 2015\projects\mpi_3_4\mpi_3_4parallel\debug\mpi_3_4parallel.tlog\link.8856.read.1.tlog
c:\users\julia\documents\visual studio 2015\projects\mpi_3_4\mpi_3_4parallel\debug\mpi_3_4parallel.tlog\link.8856.write.1.tlog
c:\users\julia\documents\visual studio 2015\projects\mpi_3_4\mpi_3_4parallel\debug\mpi_3_4parallel.tlog\link.9088.read.1.tlog
c:\users\julia\documents\visual studio 2015\projects\mpi_3_4\mpi_3_4parallel\debug\mpi_3_4parallel.tlog\link.9088.write.1.tlog
c:\users\julia\documents\visual studio 2015\projects\mpi_3_4\mpi_3_4parallel\debug\mpi_3_4parallel.tlog\link.command.1.tlog
c:\users\julia\documents\visual studio 2015\projects\mpi_3_4\mpi_3_4parallel\debug\mpi_3_4parallel.tlog\link.read.1.tlog
c:\users\julia\documents\visual studio 2015\projects\mpi_3_4\mpi_3_4parallel\debug\mpi_3_4parallel.tlog\link.write.1.tlog
